2019-01-28 20:01:32,536 [Worker-3: Loading available Gradle versions] INFO  c.g.t.t.d.PublishedGradleVersions - Gradle version information cache is out-of-date. Trying to update.
2019-01-28 20:03:09,849 [Worker-20: Building workspace] INFO  o.e.m.c.i.l.LifecycleMappingFactory - Using org.maven.ide.eclipse.wtp.WarLifecycleMapping lifecycle mapping for MavenProject: org.elsys.netprog:GuessServer:0.0.1-SNAPSHOT @ /home/alliancehealer/Desktop/IntProg/IntProgHomeworks/BullsAndCows/Homework5/Server/GuessServer/pom.xml.
2019-01-28 20:03:09,849 [Worker-5: Updating Maven Dependencies] INFO  o.e.m.c.i.l.LifecycleMappingFactory - Using org.maven.ide.eclipse.wtp.WarLifecycleMapping lifecycle mapping for MavenProject: org.elsys.netprog:GuessServer:0.0.1-SNAPSHOT @ /home/alliancehealer/Desktop/IntProg/IntProgHomeworks/BullsAndCows/Homework5/Server/GuessServer/pom.xml.
2019-01-28 20:03:13,032 [Worker-20: Building workspace] WARN  o.e.m.c.i.embedder.EclipseLogger - Using platform encoding (UTF-8 actually) to copy filtered resources, i.e. build is platform dependent!
2019-01-28 20:03:13,051 [Worker-20: Building workspace] INFO  o.e.m.c.i.embedder.EclipseLogger - skip non existing resourceDirectory /home/alliancehealer/Desktop/IntProg/IntProgHomeworks/BullsAndCows/Homework5/Server/GuessServer/src/main/resources
2019-01-28 20:03:13,058 [Worker-20: Building workspace] WARN  o.e.m.c.i.embedder.EclipseLogger - Using platform encoding (UTF-8 actually) to copy filtered resources, i.e. build is platform dependent!
2019-01-28 20:03:13,059 [Worker-20: Building workspace] INFO  o.e.m.c.i.embedder.EclipseLogger - skip non existing resourceDirectory /home/alliancehealer/Desktop/IntProg/IntProgHomeworks/BullsAndCows/Homework5/Server/GuessServer/src/test/resources
2019-01-28 20:03:14,534 [Worker-21: Updating Maven Dependencies] INFO  o.e.m.c.i.l.LifecycleMappingFactory - Using org.maven.ide.eclipse.wtp.WarLifecycleMapping lifecycle mapping for MavenProject: org.elsys.netprog:GuessServer:0.0.1-SNAPSHOT @ /home/alliancehealer/Desktop/IntProg/IntProgHomeworks/BullsAndCows/Homework5/Server/GuessServer/pom.xml.
2019-01-28 20:03:15,166 [Worker-16: Building workspace] WARN  o.e.m.c.i.embedder.EclipseLogger - Using platform encoding (UTF-8 actually) to copy filtered resources, i.e. build is platform dependent!
2019-01-28 20:03:15,170 [Worker-16: Building workspace] INFO  o.e.m.c.i.embedder.EclipseLogger - skip non existing resourceDirectory /home/alliancehealer/Desktop/IntProg/IntProgHomeworks/BullsAndCows/Homework5/Server/GuessServer/src/main/resources
2019-01-28 20:03:15,177 [Worker-16: Building workspace] WARN  o.e.m.c.i.embedder.EclipseLogger - Using platform encoding (UTF-8 actually) to copy filtered resources, i.e. build is platform dependent!
2019-01-28 20:03:15,178 [Worker-16: Building workspace] INFO  o.e.m.c.i.embedder.EclipseLogger - skip non existing resourceDirectory /home/alliancehealer/Desktop/IntProg/IntProgHomeworks/BullsAndCows/Homework5/Server/GuessServer/src/test/resources
2019-01-28 20:03:16,427 [Worker-17: Building workspace] WARN  o.e.m.c.i.embedder.EclipseLogger - Using platform encoding (UTF-8 actually) to copy filtered resources, i.e. build is platform dependent!
2019-01-28 20:03:16,428 [Worker-17: Building workspace] INFO  o.e.m.c.i.embedder.EclipseLogger - skip non existing resourceDirectory /home/alliancehealer/Desktop/IntProg/IntProgHomeworks/BullsAndCows/Homework5/Server/GuessServer/src/main/resources
2019-01-28 20:03:16,430 [Worker-17: Building workspace] WARN  o.e.m.c.i.embedder.EclipseLogger - Using platform encoding (UTF-8 actually) to copy filtered resources, i.e. build is platform dependent!
2019-01-28 20:03:16,431 [Worker-17: Building workspace] INFO  o.e.m.c.i.embedder.EclipseLogger - skip non existing resourceDirectory /home/alliancehealer/Desktop/IntProg/IntProgHomeworks/BullsAndCows/Homework5/Server/GuessServer/src/test/resources
2019-01-28 20:05:16,614 [Worker-24: Building workspace] WARN  o.e.m.c.i.embedder.EclipseLogger - Using platform encoding (UTF-8 actually) to copy filtered resources, i.e. build is platform dependent!
2019-01-28 20:05:16,615 [Worker-24: Building workspace] INFO  o.e.m.c.i.embedder.EclipseLogger - skip non existing resourceDirectory /home/alliancehealer/Desktop/IntProg/IntProgHomeworks/BullsAndCows/Homework5/Server/GuessServer/src/main/resources
2019-01-28 20:05:16,617 [Worker-24: Building workspace] WARN  o.e.m.c.i.embedder.EclipseLogger - Using platform encoding (UTF-8 actually) to copy filtered resources, i.e. build is platform dependent!
2019-01-28 20:05:16,618 [Worker-24: Building workspace] INFO  o.e.m.c.i.embedder.EclipseLogger - skip non existing resourceDirectory /home/alliancehealer/Desktop/IntProg/IntProgHomeworks/BullsAndCows/Homework5/Server/GuessServer/src/test/resources
2019-01-28 20:07:30,494 [Worker-27: Building workspace] INFO  o.e.m.c.i.l.LifecycleMappingFactory - Using org.maven.ide.eclipse.wtp.WarLifecycleMapping lifecycle mapping for MavenProject: org.elsys.netprog:GuessServer:0.0.1-SNAPSHOT @ /home/alliancehealer/Desktop/IntProg/IntProgHomeworks/BullsAndCows/Homework5/Server/GuessServer/pom.xml.
2019-01-28 20:07:31,106 [Worker-27: Building workspace] WARN  o.e.m.c.i.embedder.EclipseLogger - Using platform encoding (UTF-8 actually) to copy filtered resources, i.e. build is platform dependent!
2019-01-28 20:07:31,107 [Worker-27: Building workspace] INFO  o.e.m.c.i.embedder.EclipseLogger - skip non existing resourceDirectory /home/alliancehealer/Desktop/IntProg/IntProgHomeworks/BullsAndCows/Homework5/Server/GuessServer/src/main/resources
2019-01-28 20:07:31,110 [Worker-27: Building workspace] WARN  o.e.m.c.i.embedder.EclipseLogger - Using platform encoding (UTF-8 actually) to copy filtered resources, i.e. build is platform dependent!
2019-01-28 20:07:31,110 [Worker-27: Building workspace] INFO  o.e.m.c.i.embedder.EclipseLogger - skip non existing resourceDirectory /home/alliancehealer/Desktop/IntProg/IntProgHomeworks/BullsAndCows/Homework5/Server/GuessServer/src/test/resources
2019-01-28 20:07:31,111 [Worker-27: Building workspace] INFO  o.e.m.w.i.f.ResourceFilteringBuildParticipant - Changed resources require a complete clean of filtered resources of GuessServer
2019-01-28 20:07:31,112 [Worker-27: Building workspace] INFO  o.e.m.w.i.f.ResourceFilteringBuildParticipant - Executing resource filtering for GuessServer
2019-01-28 20:07:31,119 [Worker-27: Building workspace] WARN  o.e.m.c.i.embedder.EclipseLogger - Using platform encoding (UTF-8 actually) to copy filtered resources, i.e. build is platform dependent!
2019-01-28 20:07:36,737 [Worker-27: Building workspace] INFO  o.e.m.c.i.l.LifecycleMappingFactory - Using org.maven.ide.eclipse.wtp.WarLifecycleMapping lifecycle mapping for MavenProject: org.elsys.netprog:GuessServer:0.0.1-SNAPSHOT @ /home/alliancehealer/Desktop/IntProg/IntProgHomeworks/BullsAndCows/Homework5/Server/GuessServer/pom.xml.
2019-01-28 20:07:37,306 [Worker-27: Building workspace] WARN  o.e.m.c.i.embedder.EclipseLogger - Using platform encoding (UTF-8 actually) to copy filtered resources, i.e. build is platform dependent!
2019-01-28 20:07:37,306 [Worker-27: Building workspace] INFO  o.e.m.c.i.embedder.EclipseLogger - skip non existing resourceDirectory /home/alliancehealer/Desktop/IntProg/IntProgHomeworks/BullsAndCows/Homework5/Server/GuessServer/src/main/resources
2019-01-28 20:07:37,309 [Worker-27: Building workspace] WARN  o.e.m.c.i.embedder.EclipseLogger - Using platform encoding (UTF-8 actually) to copy filtered resources, i.e. build is platform dependent!
2019-01-28 20:07:37,310 [Worker-27: Building workspace] INFO  o.e.m.c.i.embedder.EclipseLogger - skip non existing resourceDirectory /home/alliancehealer/Desktop/IntProg/IntProgHomeworks/BullsAndCows/Homework5/Server/GuessServer/src/test/resources
2019-01-28 20:07:37,310 [Worker-27: Building workspace] INFO  o.e.m.w.i.f.ResourceFilteringBuildParticipant - Changed resources require a complete clean of filtered resources of GuessServer
2019-01-28 20:07:37,310 [Worker-27: Building workspace] INFO  o.e.m.w.i.f.ResourceFilteringBuildParticipant - Executing resource filtering for GuessServer
2019-01-28 20:07:37,315 [Worker-27: Building workspace] WARN  o.e.m.c.i.embedder.EclipseLogger - Using platform encoding (UTF-8 actually) to copy filtered resources, i.e. build is platform dependent!
2019-01-28 20:07:55,006 [Worker-17: Building workspace] INFO  o.e.m.c.i.l.LifecycleMappingFactory - Using org.maven.ide.eclipse.wtp.WarLifecycleMapping lifecycle mapping for MavenProject: org.elsys.netprog:GuessServer:0.0.1-SNAPSHOT @ /home/alliancehealer/Desktop/IntProg/IntProgHomeworks/BullsAndCows/Homework5/Server/GuessServer/pom.xml.
2019-01-28 20:07:55,563 [Worker-17: Building workspace] WARN  o.e.m.c.i.embedder.EclipseLogger - Using platform encoding (UTF-8 actually) to copy filtered resources, i.e. build is platform dependent!
2019-01-28 20:07:55,564 [Worker-17: Building workspace] INFO  o.e.m.c.i.embedder.EclipseLogger - skip non existing resourceDirectory /home/alliancehealer/Desktop/IntProg/IntProgHomeworks/BullsAndCows/Homework5/Server/GuessServer/src/main/resources
2019-01-28 20:07:55,566 [Worker-17: Building workspace] WARN  o.e.m.c.i.embedder.EclipseLogger - Using platform encoding (UTF-8 actually) to copy filtered resources, i.e. build is platform dependent!
2019-01-28 20:07:55,568 [Worker-17: Building workspace] INFO  o.e.m.c.i.embedder.EclipseLogger - skip non existing resourceDirectory /home/alliancehealer/Desktop/IntProg/IntProgHomeworks/BullsAndCows/Homework5/Server/GuessServer/src/test/resources
2019-01-28 20:07:55,569 [Worker-17: Building workspace] INFO  o.e.m.w.i.f.ResourceFilteringBuildParticipant - Changed resources require a complete clean of filtered resources of GuessServer
2019-01-28 20:07:55,569 [Worker-17: Building workspace] INFO  o.e.m.w.i.f.ResourceFilteringBuildParticipant - Executing resource filtering for GuessServer
2019-01-28 20:07:55,575 [Worker-17: Building workspace] WARN  o.e.m.c.i.embedder.EclipseLogger - Using platform encoding (UTF-8 actually) to copy filtered resources, i.e. build is platform dependent!
2019-01-28 20:07:58,579 [Worker-27: Building workspace] INFO  o.e.m.c.i.l.LifecycleMappingFactory - Using org.maven.ide.eclipse.wtp.WarLifecycleMapping lifecycle mapping for MavenProject: org.elsys.netprog:GuessServer:0.0.1-SNAPSHOT @ /home/alliancehealer/Desktop/IntProg/IntProgHomeworks/BullsAndCows/Homework5/Server/GuessServer/pom.xml.
2019-01-28 20:07:59,125 [Worker-27: Building workspace] WARN  o.e.m.c.i.embedder.EclipseLogger - Using platform encoding (UTF-8 actually) to copy filtered resources, i.e. build is platform dependent!
2019-01-28 20:07:59,126 [Worker-27: Building workspace] INFO  o.e.m.c.i.embedder.EclipseLogger - skip non existing resourceDirectory /home/alliancehealer/Desktop/IntProg/IntProgHomeworks/BullsAndCows/Homework5/Server/GuessServer/src/main/resources
2019-01-28 20:07:59,133 [Worker-27: Building workspace] WARN  o.e.m.c.i.embedder.EclipseLogger - Using platform encoding (UTF-8 actually) to copy filtered resources, i.e. build is platform dependent!
2019-01-28 20:07:59,134 [Worker-27: Building workspace] INFO  o.e.m.c.i.embedder.EclipseLogger - skip non existing resourceDirectory /home/alliancehealer/Desktop/IntProg/IntProgHomeworks/BullsAndCows/Homework5/Server/GuessServer/src/test/resources
2019-01-28 20:07:59,141 [Worker-27: Building workspace] INFO  o.e.m.w.i.f.ResourceFilteringBuildParticipant - Changed resources require a complete clean of filtered resources of GuessServer
2019-01-28 20:07:59,141 [Worker-27: Building workspace] INFO  o.e.m.w.i.f.ResourceFilteringBuildParticipant - Executing resource filtering for GuessServer
2019-01-28 20:07:59,149 [Worker-27: Building workspace] WARN  o.e.m.c.i.embedder.EclipseLogger - Using platform encoding (UTF-8 actually) to copy filtered resources, i.e. build is platform dependent!
2019-01-28 20:08:45,833 [Worker-17: Building workspace] INFO  o.e.m.c.i.l.LifecycleMappingFactory - Using org.maven.ide.eclipse.wtp.WarLifecycleMapping lifecycle mapping for MavenProject: org.elsys.netprog:GuessServer:0.0.1-SNAPSHOT @ /home/alliancehealer/Desktop/IntProg/IntProgHomeworks/BullsAndCows/Homework5/Server/GuessServer/pom.xml.
2019-01-28 20:08:46,548 [Worker-17: Building workspace] WARN  o.e.m.c.i.embedder.EclipseLogger - Using platform encoding (UTF-8 actually) to copy filtered resources, i.e. build is platform dependent!
2019-01-28 20:08:46,549 [Worker-17: Building workspace] INFO  o.e.m.c.i.embedder.EclipseLogger - skip non existing resourceDirectory /home/alliancehealer/Desktop/IntProg/IntProgHomeworks/BullsAndCows/Homework5/Server/GuessServer/src/main/resources
2019-01-28 20:08:46,555 [Worker-17: Building workspace] WARN  o.e.m.c.i.embedder.EclipseLogger - Using platform encoding (UTF-8 actually) to copy filtered resources, i.e. build is platform dependent!
2019-01-28 20:08:46,555 [Worker-17: Building workspace] INFO  o.e.m.c.i.embedder.EclipseLogger - skip non existing resourceDirectory /home/alliancehealer/Desktop/IntProg/IntProgHomeworks/BullsAndCows/Homework5/Server/GuessServer/src/test/resources
2019-01-28 20:08:46,556 [Worker-17: Building workspace] INFO  o.e.m.w.i.f.ResourceFilteringBuildParticipant - Changed resources require a complete clean of filtered resources of GuessServer
2019-01-28 20:08:46,556 [Worker-17: Building workspace] INFO  o.e.m.w.i.f.ResourceFilteringBuildParticipant - Executing resource filtering for GuessServer
2019-01-28 20:08:46,561 [Worker-17: Building workspace] WARN  o.e.m.c.i.embedder.EclipseLogger - Using platform encoding (UTF-8 actually) to copy filtered resources, i.e. build is platform dependent!
2019-01-28 20:08:48,106 [Worker-17: Building workspace] INFO  o.e.m.c.i.l.LifecycleMappingFactory - Using org.maven.ide.eclipse.wtp.WarLifecycleMapping lifecycle mapping for MavenProject: org.elsys.netprog:GuessServer:0.0.1-SNAPSHOT @ /home/alliancehealer/Desktop/IntProg/IntProgHomeworks/BullsAndCows/Homework5/Server/GuessServer/pom.xml.
2019-01-28 20:08:48,700 [Worker-17: Building workspace] WARN  o.e.m.c.i.embedder.EclipseLogger - Using platform encoding (UTF-8 actually) to copy filtered resources, i.e. build is platform dependent!
2019-01-28 20:08:48,701 [Worker-17: Building workspace] INFO  o.e.m.c.i.embedder.EclipseLogger - skip non existing resourceDirectory /home/alliancehealer/Desktop/IntProg/IntProgHomeworks/BullsAndCows/Homework5/Server/GuessServer/src/main/resources
2019-01-28 20:08:48,703 [Worker-17: Building workspace] WARN  o.e.m.c.i.embedder.EclipseLogger - Using platform encoding (UTF-8 actually) to copy filtered resources, i.e. build is platform dependent!
2019-01-28 20:08:48,704 [Worker-17: Building workspace] INFO  o.e.m.c.i.embedder.EclipseLogger - skip non existing resourceDirectory /home/alliancehealer/Desktop/IntProg/IntProgHomeworks/BullsAndCows/Homework5/Server/GuessServer/src/test/resources
2019-01-28 20:08:48,704 [Worker-17: Building workspace] INFO  o.e.m.w.i.f.ResourceFilteringBuildParticipant - Changed resources require a complete clean of filtered resources of GuessServer
2019-01-28 20:08:48,704 [Worker-17: Building workspace] INFO  o.e.m.w.i.f.ResourceFilteringBuildParticipant - Executing resource filtering for GuessServer
2019-01-28 20:08:48,711 [Worker-17: Building workspace] WARN  o.e.m.c.i.embedder.EclipseLogger - Using platform encoding (UTF-8 actually) to copy filtered resources, i.e. build is platform dependent!
2019-01-28 20:09:33,460 [Worker-5: Building Project GuessServer] WARN  o.e.m.c.i.embedder.EclipseLogger - Using platform encoding (UTF-8 actually) to copy filtered resources, i.e. build is platform dependent!
2019-01-28 20:09:33,463 [Worker-5: Building Project GuessServer] INFO  o.e.m.c.i.embedder.EclipseLogger - skip non existing resourceDirectory /home/alliancehealer/Desktop/IntProg/IntProgHomeworks/BullsAndCows/Homework5/Server/GuessServer/src/main/resources
2019-01-28 20:09:33,465 [Worker-5: Building Project GuessServer] WARN  o.e.m.c.i.embedder.EclipseLogger - Using platform encoding (UTF-8 actually) to copy filtered resources, i.e. build is platform dependent!
2019-01-28 20:09:33,466 [Worker-5: Building Project GuessServer] INFO  o.e.m.c.i.embedder.EclipseLogger - skip non existing resourceDirectory /home/alliancehealer/Desktop/IntProg/IntProgHomeworks/BullsAndCows/Homework5/Server/GuessServer/src/test/resources
